  Abyssgate.cpp
  Areista.cpp
  Bg.cpp
  Bullet.cpp
  BulletEffect.cpp
  Button.cpp
  CharactorSelect.cpp
  CutinBase.cpp
  CutinKIWAME.cpp
  CutinNormal.cpp
  Doragon.cpp
  EffectBase.cpp
  EnemyBase.cpp
  EnemyBoss.cpp
  EnemyNormal.cpp
  EnemyRelative.cpp
  EnemyTutorial.cpp
  Explosion.cpp
  Fade.cpp
  FallStarEffect.cpp
  コンパイル中...
  Game.cpp
  Gamescore.cpp
  Karnerian.cpp
  LifeGauge.cpp
  Liliy.cpp
  MagicEffect.cpp
  Main.cpp
  Manager.cpp
  Number.cpp
  OptionBase.cpp
  Pause.cpp
  PlayerBase.cpp
  Putbullet.cpp
  Ranking.cpp
  RankingScore.cpp
  Renderer.cpp
  Renge.cpp
  Result.cpp
  ResultScore.cpp
  Scene.cpp
  コンパイル中...
  Scene2D.cpp
  ScoreBase.cpp
  Shield.cpp
  Stage1.cpp
  Stage2.cpp
  Stage3.cpp
  Stage4.cpp
  StageBase.cpp
  StageSelect.cpp
  Time.cpp
  Title.cpp
  Tutorial.cpp
  TutorialUI.cpp
  UiBase.cpp
  Vivian.cpp
  コード生成しています。
  58 of 588 functions ( 9.9%) were compiled, the rest were copied from previous compilation.
    0 functions were new in current compilation
    29 functions had inline decision re-evaluated but remain unchanged
  コード生成が終了しました。
  Sorcery.vcxproj -> C:\Users\game112\Desktop\吉田学園情報ビジネス専門学校　後閑　茜\04_Sorcery\01_制作環境\\Sorcery.exe
  Sorcery.vcxproj -> C:\Users\game112\Desktop\吉田学園情報ビジネス専門学校　後閑　茜\04_Sorcery\01_制作環境\\Sorcery.pdb (Full PDB)
