  Vivian.cpp
  UiBase.cpp
  TutorialUI.cpp
  Tutorial.cpp
  Title.cpp
  Time.cpp
  StageSelect.cpp
  StageBase.cpp
  Stage4.cpp
  Stage3.cpp
  Stage2.cpp
  Stage1.cpp
  Sound.cpp
  Shield.cpp
  ScoreBase.cpp
  Scene2D.cpp
  Scene.cpp
  ResultScore.cpp
  Result.cpp
  Renge.cpp
  コードを生成中...
  コンパイル中...
  Renderer.cpp
  RankingScore.cpp
  Ranking.cpp
  Putbullet.cpp
  PlayerBase.cpp
  Pause.cpp
  OptionBase.cpp
  Number.cpp
  Manager.cpp
  Main.cpp
  MagicEffect.cpp
  Liliy.cpp
  LifeGauge.cpp
  Karnerian.cpp
  Input.cpp
  Gamescore.cpp
  Game.cpp
  FallStarEffect.cpp
  Fade.cpp
  Explosion.cpp
  コードを生成中...
  コンパイル中...
  EnemyTutorial.cpp
  EnemyRelative.cpp
  EnemyNormal.cpp
  EnemyBoss.cpp
  EnemyBase.cpp
  EffectBase.cpp
  Doragon.cpp
  CutinNormal.cpp
  CutinKIWAME.cpp
  CutinBase.cpp
  CharactorSelect.cpp
  Button.cpp
  BulletEffect.cpp
  Bullet.cpp
  Bg.cpp
  Areista.cpp
  Abyssgate.cpp
  コードを生成中...
  Sorcery.vcxproj -> C:\Users\game112\Documents\GitHub\Game\吉田学園情報ビジネス専門学校　後閑　茜\04_Sorcery\01_制作環境\\Sorcery.exe
  Sorcery.vcxproj -> C:\Users\game112\Documents\GitHub\Game\吉田学園情報ビジネス専門学校　後閑　茜\04_Sorcery\01_制作環境\\Sorcery.pdb (Full PDB)
